[debug] [2025-04-28T21:54:55.803Z] ----------------------------------------------------------------------
[debug] [2025-04-28T21:54:55.806Z] Command:       C:\Program Files\nodejs\node.exe C:\Users\Vivek\AppData\Roaming\npm\node_modules\firebase-tools\lib\bin\firebase.js init
[debug] [2025-04-28T21:54:55.806Z] CLI Version:   14.2.1
[debug] [2025-04-28T21:54:55.806Z] Platform:      win32
[debug] [2025-04-28T21:54:55.806Z] Node Version:  v23.6.1
[debug] [2025-04-28T21:54:55.807Z] Time:          Tue Apr 29 2025 03:24:55 GMT+0530 (India Standard Time)
[debug] [2025-04-28T21:54:55.807Z] ----------------------------------------------------------------------
[debug] 
[debug] [2025-04-28T21:54:55.815Z] > command requires scopes: ["email","openid","https://www.googleapis.com/auth/cloudplatformprojects.readonly","https://www.googleapis.com/auth/firebase","https://www.googleapis.com/auth/cloud-platform"]
[debug] [2025-04-28T21:54:55.815Z] > authorizing via signed-in user (2911vivek@gmail.com)
[info] 
     ######## #### ########  ######## ########     ###     ######  ########
     ##        ##  ##     ## ##       ##     ##  ##   ##  ##       ##
     ######    ##  ########  ######   ########  #########  ######  ######
     ##        ##  ##    ##  ##       ##     ## ##     ##       ## ##
     ##       #### ##     ## ######## ########  ##     ##  ######  ########

You're about to initialize a Firebase project in this directory:

  C:\Users\Vivek\Desktop\12 projects\carrer_coch_ai

[info] 
=== Project Setup
[info] 
[info] First, let's associate this project directory with a Firebase project.
[info] You can create multiple project aliases by running firebase use --add, 
[info] but for now we'll just set up a default project.
[info] 
[info] i  If you want to create a project in a Google Cloud organization or folder, please use "firebase projects:create" instead, and return to this command when you've created the project. 
[debug] [2025-04-28T21:55:33.770Z] Checked if tokens are valid: false, expires at: 1745863929743
[debug] [2025-04-28T21:55:33.770Z] Checked if tokens are valid: false, expires at: 1745863929743
[debug] [2025-04-28T21:55:33.771Z] > refreshing access token with scopes: []
[debug] [2025-04-28T21:55:33.772Z] >>> [apiv2][query] POST https://www.googleapis.com/oauth2/v3/token [none]
[debug] [2025-04-28T21:55:33.772Z] >>> [apiv2][body] POST https://www.googleapis.com/oauth2/v3/token [omitted]
[debug] [2025-04-28T21:55:34.085Z] <<< [apiv2][status] POST https://www.googleapis.com/oauth2/v3/token 200
[debug] [2025-04-28T21:55:34.085Z] <<< [apiv2][body] POST https://www.googleapis.com/oauth2/v3/token [omitted]
[debug] [2025-04-28T21:55:34.093Z] >>> [apiv2][query] POST https://cloudresourcemanager.googleapis.com/v1/projects [none]
[debug] [2025-04-28T21:55:34.093Z] >>> [apiv2][body] POST https://cloudresourcemanager.googleapis.com/v1/projects {"projectId":"Daaksh.AI","name":"Daaksh.AI"}
[debug] [2025-04-28T21:55:35.903Z] <<< [apiv2][status] POST https://cloudresourcemanager.googleapis.com/v1/projects 400
[debug] [2025-04-28T21:55:35.903Z] <<< [apiv2][body] POST https://cloudresourcemanager.googleapis.com/v1/projects {"error":{"code":400,"message":"Request contains an invalid argument.","status":"INVALID_ARGUMENT","details":[{"@type":"type.googleapis.com/google.rpc.BadRequest","fieldViolations":[{"field":"project_id","description":"project_id contains invalid characters"},{"field":"display_name","description":"project display name contains invalid characters"}]},{"@type":"type.googleapis.com/google.rpc.Help","links":[{"url":"https://cloud.google.com/resource-manager/reference/rest/v1/projects"}]}]}}
[debug] [2025-04-28T21:55:36.397Z] FirebaseError: Request to https://cloudresourcemanager.googleapis.com/v1/projects had HTTP Error: 400, Request contains an invalid argument.
    at responseToError (C:\Users\Vivek\AppData\Roaming\npm\node_modules\firebase-tools\lib\responseToError.js:52:12)
    at RetryOperation._fn (C:\Users\Vivek\AppData\Roaming\npm\node_modules\firebase-tools\lib\apiv2.js:312:77)
    at process.processTicksAndRejections (node:internal/process/task_queues:105:5)
[error] 
[error] Error: Failed to create project. See firebase-debug.log for more info.
